# JRE version: OpenJDK Runtime Environment (11.0.11+9) (build 11.0.11+9-b60-7590822)
# Java VM: OpenJDK 64-Bit Server VM (11.0.11+9-b60-7590822, mixed mode, tiered, compressed oops, g1 gc, windows-amd64)
Heap:
 garbage-first heap   total 528384K, used 267660K [0x0000000080000000, 0x0000000100000000)
  region size 1024K, 5 young (5120K), 5 survivors (5120K)
 Metaspace       used 141569K, capacity 146040K, committed 146204K, reserved 1175552K
  class space    used 17699K, capacity 19326K, committed 19404K, reserved 1048576K
GC Heap History (20 events):
Event: 3173.415 GC heap after
{Heap after GC invocations=101 (full 0):
 garbage-first heap   total 287744K, used 159044K [0x0000000080000000, 0x0000000100000000)
  region size 1024K, 9 young (9216K), 9 survivors (9216K)
 Metaspace       used 129666K, capacity 133504K, committed 133660K, reserved 1165312K
  class space    used 15969K, capacity 17286K, committed 17356K, reserved 1048576K
}
Event: 3173.618 GC heap before
{Heap before GC invocations=101 (full 0):
 garbage-first heap   total 287744K, used 163140K [0x0000000080000000, 0x0000000100000000)
  region size 1024K, 14 young (14336K), 9 survivors (9216K)
 Metaspace       used 129773K, capacity 133557K, committed 133660K, reserved 1165312K
  class space    used 15983K, capacity 17323K, committed 17356K, reserved 1048576K
}
Event: 3173.678 GC heap after
{Heap after GC invocations=102 (full 0):
 garbage-first heap   total 287744K, used 155267K [0x0000000080000000, 0x0000000100000000)
  region size 1024K, 2 young (2048K), 2 survivors (2048K)
 Metaspace       used 129773K, capacity 133557K, committed 133660K, reserved 1165312K
  class space    used 15983K, capacity 17323K, committed 17356K, reserved 1048576K
}
Event: 3175.094 GC heap before
{Heap before GC invocations=102 (full 0):
 garbage-first heap   total 287744K, used 216707K [0x0000000080000000, 0x0000000100000000)
  region size 1024K, 63 young (64512K), 2 survivors (2048K)
 Metaspace       used 131551K, capacity 135531K, committed 135836K, reserved 1167360K
  class space    used 16257K, capacity 17664K, committed 17740K, reserved 1048576K
}
Event: 3175.116 GC heap after
{Heap after GC invocations=103 (full 0):
 garbage-first heap   total 287744K, used 157799K [0x0000000080000000, 0x0000000100000000)
  region size 1024K, 5 young (5120K), 5 survivors (5120K)
 Metaspace       used 131551K, capacity 135531K, committed 135836K, reserved 1167360K
  class space    used 16257K, capacity 17664K, committed 17740K, reserved 1048576K
}
Event: 3177.492 GC heap before
{Heap before GC invocations=104 (full 0):
 garbage-first heap   total 287744K, used 221287K [0x0000000080000000, 0x0000000100000000)
  region size 1024K, 68 young (69632K), 5 survivors (5120K)
 Metaspace       used 139097K, capacity 143438K, committed 143516K, reserved 1173504K
  class space    used 17429K, capacity 18971K, committed 19020K, reserved 1048576K
}
Event: 3177.514 GC heap after
{Heap after GC invocations=105 (full 0):
 garbage-first heap   total 396288K, used 158528K [0x0000000080000000, 0x0000000100000000)
  region size 1024K, 5 young (5120K), 5 survivors (5120K)
 Metaspace       used 139097K, capacity 143438K, committed 143516K, reserved 1173504K
  class space    used 17429K, capacity 18971K, committed 19020K, reserved 1048576K
}
Event: 3177.751 GC heap before
{Heap before GC invocations=105 (full 0):
 garbage-first heap   total 396288K, used 176960K [0x0000000080000000, 0x0000000100000000)
  region size 1024K, 19 young (19456K), 5 survivors (5120K)
 Metaspace       used 139413K, capacity 143758K, committed 143772K, reserved 1173504K
  class space    used 17464K, capacity 19020K, committed 19020K, reserved 1048576K
}
Event: 3177.776 GC heap after
{Heap after GC invocations=106 (full 0):
 garbage-first heap   total 396288K, used 164877K [0x0000000080000000, 0x0000000100000000)
  region size 1024K, 3 young (3072K), 3 survivors (3072K)
 Metaspace       used 139413K, capacity 143758K, committed 143772K, reserved 1173504K
  class space    used 17464K, capacity 19020K, committed 19020K, reserved 1048576K
}
Event: 3177.815 GC heap before
{Heap before GC invocations=106 (full 0):
 garbage-first heap   total 396288K, used 172045K [0x0000000080000000, 0x0000000100000000)
  region size 1024K, 11 young (11264K), 3 survivors (3072K)
 Metaspace       used 139413K, capacity 143758K, committed 143772K, reserved 1173504K
  class space    used 17464K, capacity 19020K, committed 19020K, reserved 1048576K
}
Event: 3177.826 GC heap after
{Heap after GC invocations=107 (full 0):
 garbage-first heap   total 396288K, used 166392K [0x0000000080000000, 0x0000000100000000)
  region size 1024K, 5 young (5120K), 5 survivors (5120K)
 Metaspace       used 139413K, capacity 143758K, committed 143772K, reserved 1173504K
  class space    used 17464K, capacity 19020K, committed 19020K, reserved 1048576K
}
Event: 3179.657 GC heap before
{Heap before GC invocations=108 (full 0):
 garbage-first heap   total 396288K, used 276984K [0x0000000080000000, 0x0000000100000000)
  region size 1024K, 90 young (92160K), 5 survivors (5120K)
 Metaspace       used 140849K, capacity 145207K, committed 145308K, reserved 1175552K
  class space    used 17643K, capacity 19246K, committed 19276K, reserved 1048576K
}
Event: 3179.788 GC heap after
{Heap after GC invocations=109 (full 0):
 garbage-first heap   total 396288K, used 210685K [0x0000000080000000, 0x0000000100000000)
  region size 1024K, 12 young (12288K), 12 survivors (12288K)
 Metaspace       used 140849K, capacity 145207K, committed 145308K, reserved 1175552K
  class space    used 17643K, capacity 19246K, committed 19276K, reserved 1048576K
}
Event: 3179.832 GC heap before
{Heap before GC invocations=109 (full 0):
 garbage-first heap   total 396288K, used 216829K [0x0000000080000000, 0x0000000100000000)
  region size 1024K, 19 young (19456K), 12 survivors (12288K)
 Metaspace       used 140858K, capacity 145207K, committed 145308K, reserved 1175552K
  class space    used 17643K, capacity 19246K, committed 19276K, reserved 1048576K
}
Event: 3179.883 GC heap after
{Heap after GC invocations=110 (full 0):
 garbage-first heap   total 396288K, used 214016K [0x0000000080000000, 0x0000000100000000)
  region size 1024K, 3 young (3072K), 3 survivors (3072K)
 Metaspace       used 140858K, capacity 145207K, committed 145308K, reserved 1175552K
  class space    used 17643K, capacity 19246K, committed 19276K, reserved 1048576K
}
Event: 3180.244 GC heap before
{Heap before GC invocations=110 (full 0):
 garbage-first heap   total 396288K, used 280576K [0x0000000080000000, 0x0000000100000000)
  region size 1024K, 69 young (70656K), 3 survivors (3072K)
 Metaspace       used 140984K, capacity 145348K, committed 145564K, reserved 1175552K
  class space    used 17643K, capacity 19246K, committed 19276K, reserved 1048576K
}
Event: 3180.301 GC heap after
{Heap after GC invocations=111 (full 0):
 garbage-first heap   total 396288K, used 248318K [0x0000000080000000, 0x0000000100000000)
  region size 1024K, 9 young (9216K), 9 survivors (9216K)
 Metaspace       used 140984K, capacity 145348K, committed 145564K, reserved 1175552K
  class space    used 17643K, capacity 19246K, committed 19276K, reserved 1048576K
}
Event: 3181.284 GC heap before
{Heap before GC invocations=111 (full 0):
 garbage-first heap   total 396288K, used 298494K [0x0000000080000000, 0x0000000100000000)
  region size 1024K, 58 young (59392K), 9 survivors (9216K)
 Metaspace       used 141470K, capacity 145979K, committed 146204K, reserved 1175552K
  class space    used 17704K, capacity 19337K, committed 19404K, reserved 1048576K
}
Event: 3181.320 GC heap after
{Heap after GC invocations=112 (full 0):
 garbage-first heap   total 396288K, used 260096K [0x0000000080000000, 0x0000000100000000)
  region size 1024K, 8 young (8192K), 8 survivors (8192K)
 Metaspace       used 141470K, capacity 145979K, committed 146204K, reserved 1175552K
  class space    used 17704K, capacity 19337K, committed 19404K, reserved 1048576K
}
Event: 3183.167 GC heap before
{Heap before GC invocations=113 (full 0):
 garbage-first heap   total 396288K, used 310272K [0x0000000080000000, 0x0000000100000000)
  region size 1024K, 55 young (56320K), 8 survivors (8192K)
 Metaspace       used 141569K, capacity 146040K, committed 146204K, reserved 1175552K
  class space    used 17699K, capacity 19326K, committed 19404K, reserved 1048576K
}

